\BOOKMARK [0][-]{Doc-Start}{Certificate}{}% 1
\BOOKMARK [0][-]{Doc-Start}{Declaration}{}% 2
\BOOKMARK [0][-]{Doc-Start}{Acknowledgement}{}% 3
\BOOKMARK [0][-]{Doc-Start}{Abstract}{}% 4
\BOOKMARK [0][-]{Doc-Start}{Table Of Contents}{}% 5
\BOOKMARK [0][-]{chapter*.2}{List of Figures}{}% 6
\BOOKMARK [0][-]{chapter*.3}{List of Tables}{}% 7
\BOOKMARK [0][-]{chapter.1}{Introduction}{}% 8
\BOOKMARK [1][-]{section.1.1}{Types}{chapter.1}% 9
\BOOKMARK [1][-]{section.1.2}{Background}{chapter.1}% 10
\BOOKMARK [1][-]{section.1.3}{Objectives}{chapter.1}% 11
\BOOKMARK [0][-]{chapter.2}{Fundamentals of Smart Antenna}{}% 12
\BOOKMARK [1][-]{section.2.1}{Introduction}{chapter.2}% 13
\BOOKMARK [1][-]{section.2.2}{Smart Antenna}{chapter.2}% 14
\BOOKMARK [1][-]{section.2.3}{Beamforming}{chapter.2}% 15
\BOOKMARK [0][-]{chapter.3}{Methodology}{}% 16
\BOOKMARK [1][-]{section.3.1}{Modelling}{chapter.3}% 17
\BOOKMARK [1][-]{section.3.2}{Least Mean Squares}{chapter.3}% 18
\BOOKMARK [0][-]{chapter.4}{Simulation}{}% 19
\BOOKMARK [1][-]{section.4.1}{LMS}{chapter.4}% 20
\BOOKMARK [0][-]{chapter.5}{Conclusion}{}% 21
\BOOKMARK [0][-]{chapter.5}{References}{}% 22
